<?xml version="1.0" encoding="UTF-8"?>
<coverage generated="1773503002774" clover="3.2.0">
  <project timestamp="1773503002774" name="All files">
    <metrics statements="64" coveredstatements="46" conditionals="4" coveredconditionals="4" methods="15" coveredmethods="9" elements="83" coveredelements="59" complexity="0" loc="64" ncloc="64" packages="1" files="3" classes="3"/>
    <file name="dayPlanner.ts" path="/Users/juanrempel/dev/taiv-hackathon-2026/2026hackathon/technician_dispatch/src/dayPlanner.ts">
      <metrics statements="12" coveredstatements="3" conditionals="0" coveredconditionals="0" methods="5" coveredmethods="2"/>
      <line num="51" count="1" type="stmt"/>
      <line num="60" count="0" type="stmt"/>
      <line num="61" count="0" type="stmt"/>
      <line num="62" count="0" type="stmt"/>
      <line num="63" count="0" type="stmt"/>
      <line num="64" count="0" type="stmt"/>
      <line num="65" count="0" type="stmt"/>
      <line num="67" count="0" type="stmt"/>
      <line num="69" count="0" type="stmt"/>
      <line num="77" count="0" type="stmt"/>
      <line num="88" count="11" type="stmt"/>
      <line num="93" count="17" type="stmt"/>
    </file>
    <file name="routeOptimizer.ts" path="/Users/juanrempel/dev/taiv-hackathon-2026/2026hackathon/technician_dispatch/src/routeOptimizer.ts">
      <metrics statements="39" coveredstatements="39" conditionals="4" coveredconditionals="4" methods="4" coveredmethods="4"/>
      <line num="42" count="1" type="stmt"/>
      <line num="51" count="115" type="stmt"/>
      <line num="52" count="460" type="stmt"/>
      <line num="53" count="115" type="stmt"/>
      <line num="54" count="115" type="stmt"/>
      <line num="55" count="115" type="stmt"/>
      <line num="56" count="115" type="stmt"/>
      <line num="58" count="115" type="stmt"/>
      <line num="60" count="115" type="stmt"/>
      <line num="71" count="17" type="cond" truecount="1" falsecount="0"/>
      <line num="74" count="15" type="stmt"/>
      <line num="75" count="15" type="stmt"/>
      <line num="76" count="58" type="stmt"/>
      <line num="79" count="15" type="stmt"/>
      <line num="80" count="15" type="stmt"/>
      <line num="82" count="15" type="stmt"/>
      <line num="83" count="30" type="stmt"/>
      <line num="84" count="30" type="cond" truecount="1" falsecount="0"/>
      <line num="86" count="27" type="stmt"/>
      <line num="87" count="27" type="stmt"/>
      <line num="90" count="12" type="stmt"/>
      <line num="94" count="13" type="stmt"/>
      <line num="95" count="13" type="stmt"/>
      <line num="96" count="13" type="stmt"/>
      <line num="97" count="13" type="stmt"/>
      <line num="99" count="13" type="stmt"/>
      <line num="100" count="38" type="stmt"/>
      <line num="101" count="38" type="stmt"/>
      <line num="103" count="38" type="stmt"/>
      <line num="104" count="85" type="stmt"/>
      <line num="105" count="85" type="cond" truecount="1" falsecount="0"/>
      <line num="106" count="58" type="stmt"/>
      <line num="107" count="58" type="stmt"/>
      <line num="111" count="38" type="cond" truecount="1" falsecount="0"/>
      <line num="112" count="38" type="stmt"/>
      <line num="113" count="38" type="stmt"/>
      <line num="114" count="38" type="stmt"/>
      <line num="115" count="38" type="stmt"/>
      <line num="119" count="13" type="stmt"/>
    </file>
    <file name="teamSizer.ts" path="/Users/juanrempel/dev/taiv-hackathon-2026/2026hackathon/technician_dispatch/src/teamSizer.ts">
      <metrics statements="13" coveredstatements="4" conditionals="0" coveredconditionals="0" methods="6" coveredmethods="3"/>
      <line num="44" count="1" type="stmt"/>
      <line num="53" count="0" type="stmt"/>
      <line num="54" count="0" type="stmt"/>
      <line num="55" count="0" type="stmt"/>
      <line num="56" count="0" type="stmt"/>
      <line num="57" count="0" type="stmt"/>
      <line num="58" count="0" type="stmt"/>
      <line num="60" count="0" type="stmt"/>
      <line num="62" count="0" type="stmt"/>
      <line num="70" count="0" type="stmt"/>
      <line num="82" count="9" type="stmt"/>
      <line num="93" count="12" type="stmt"/>
      <line num="103" count="13" type="stmt"/>
    </file>
  </project>
</coverage>
