{"/Users/juanrempel/dev/taiv-hackathon-2026/2026hackathon/technician_dispatch/src/dayPlanner.ts": {"path":"/Users/juanrempel/dev/taiv-hackathon-2026/2026hackathon/technician_dispatch/src/dayPlanner.ts","statementMap":{"0":{"start":{"line":60,"column":18},"end":{"line":60,"column":22}},"1":{"start":{"line":61,"column":22},"end":{"line":61,"column":60}},"2":{"start":{"line":61,"column":39},"end":{"line":61,"column":60}},"3":{"start":{"line":62,"column":21},"end":{"line":62,"column":58}},"4":{"start":{"line":63,"column":21},"end":{"line":63,"column":59}},"5":{"start":{"line":64,"column":21},"end":{"line":64,"column":41}},"6":{"start":{"line":65,"column":21},"end":{"line":65,"column":41}},"7":{"start":{"line":67,"column":12},"end":{"line":68,"column":69}},"8":{"start":{"line":69,"column":8},"end":{"line":69,"column":66}},"9":{"start":{"line":77,"column":8},"end":{"line":77,"column":68}},"10":{"start":{"line":88,"column":8},"end":{"line":88,"column":43}},"11":{"start":{"line":93,"column":8},"end":{"line":93,"column":43}},"12":{"start":{"line":51,"column":0},"end":{"line":51,"column":13}}},"fnMap":{"0":{"name":"(anonymous_0)","decl":{"start":{"line":59,"column":4},"end":{"line":59,"column":21}},"loc":{"start":{"line":59,"column":52},"end":{"line":70,"column":5}}},"1":{"name":"(anonymous_1)","decl":{"start":{"line":61,"column":22},"end":{"line":61,"column":23}},"loc":{"start":{"line":61,"column":39},"end":{"line":61,"column":60}}},"2":{"name":"(anonymous_2)","decl":{"start":{"line":76,"column":4},"end":{"line":76,"column":21}},"loc":{"start":{"line":76,"column":70},"end":{"line":78,"column":5}}},"3":{"name":"(anonymous_3)","decl":{"start":{"line":82,"column":4},"end":{"line":82,"column":26}},"loc":{"start":{"line":85,"column":26},"end":{"line":89,"column":5}}},"4":{"name":"(anonymous_4)","decl":{"start":{"line":91,"column":4},"end":{"line":91,"column":11}},"loc":{"start":{"line":91,"column":48},"end":{"line":94,"column":5}}}},"branchMap":{},"s":{"0":0,"1":0,"2":0,"3":0,"4":0,"5":0,"6":0,"7":0,"8":0,"9":0,"10":11,"11":17,"12":1},"f":{"0":0,"1":0,"2":0,"3":11,"4":17},"b":{}}
,"/Users/juanrempel/dev/taiv-hackathon-2026/2026hackathon/technician_dispatch/src/routeOptimizer.ts": {"path":"/Users/juanrempel/dev/taiv-hackathon-2026/2026hackathon/technician_dispatch/src/routeOptimizer.ts","statementMap":{"0":{"start":{"line":51,"column":18},"end":{"line":51,"column":22}},"1":{"start":{"line":52,"column":22},"end":{"line":52,"column":60}},"2":{"start":{"line":52,"column":39},"end":{"line":52,"column":60}},"3":{"start":{"line":53,"column":21},"end":{"line":53,"column":58}},"4":{"start":{"line":54,"column":21},"end":{"line":54,"column":59}},"5":{"start":{"line":55,"column":21},"end":{"line":55,"column":41}},"6":{"start":{"line":56,"column":21},"end":{"line":56,"column":41}},"7":{"start":{"line":58,"column":12},"end":{"line":59,"column":69}},"8":{"start":{"line":60,"column":8},"end":{"line":60,"column":66}},"9":{"start":{"line":71,"column":8},"end":{"line":71,"column":44}},"10":{"start":{"line":71,"column":35},"end":{"line":71,"column":44}},"11":{"start":{"line":74,"column":23},"end":{"line":74,"column":45}},"12":{"start":{"line":75,"column":8},"end":{"line":77,"column":9}},"13":{"start":{"line":76,"column":12},"end":{"line":76,"column":36}},"14":{"start":{"line":79,"column":30},"end":{"line":79,"column":31}},"15":{"start":{"line":80,"column":30},"end":{"line":80,"column":54}},"16":{"start":{"line":82,"column":8},"end":{"line":88,"column":9}},"17":{"start":{"line":83,"column":28},"end":{"line":83,"column":42}},"18":{"start":{"line":84,"column":12},"end":{"line":84,"column":38}},"19":{"start":{"line":84,"column":26},"end":{"line":84,"column":38}},"20":{"start":{"line":86,"column":12},"end":{"line":86,"column":89}},"21":{"start":{"line":87,"column":12},"end":{"line":87,"column":47}},"22":{"start":{"line":90,"column":8},"end":{"line":90,"column":31}},"23":{"start":{"line":94,"column":18},"end":{"line":94,"column":32}},"24":{"start":{"line":95,"column":28},"end":{"line":95,"column":30}},"25":{"start":{"line":96,"column":26},"end":{"line":96,"column":27}},"26":{"start":{"line":97,"column":26},"end":{"line":97,"column":50}},"27":{"start":{"line":99,"column":4},"end":{"line":117,"column":5}},"28":{"start":{"line":100,"column":37},"end":{"line":100,"column":41}},"29":{"start":{"line":101,"column":27},"end":{"line":101,"column":35}},"30":{"start":{"line":103,"column":8},"end":{"line":109,"column":9}},"31":{"start":{"line":104,"column":25},"end":{"line":104,"column":78}},"32":{"start":{"line":105,"column":12},"end":{"line":108,"column":13}},"33":{"start":{"line":106,"column":16},"end":{"line":106,"column":36}},"34":{"start":{"line":107,"column":16},"end":{"line":107,"column":33}},"35":{"start":{"line":111,"column":8},"end":{"line":116,"column":9}},"36":{"start":{"line":112,"column":12},"end":{"line":112,"column":38}},"37":{"start":{"line":113,"column":12},"end":{"line":113,"column":44}},"38":{"start":{"line":114,"column":12},"end":{"line":114,"column":50}},"39":{"start":{"line":115,"column":12},"end":{"line":115,"column":41}},"40":{"start":{"line":119,"column":4},"end":{"line":123,"column":6}},"41":{"start":{"line":42,"column":0},"end":{"line":42,"column":13}}},"fnMap":{"0":{"name":"(anonymous_0)","decl":{"start":{"line":50,"column":4},"end":{"line":50,"column":21}},"loc":{"start":{"line":50,"column":52},"end":{"line":61,"column":5}}},"1":{"name":"(anonymous_1)","decl":{"start":{"line":52,"column":22},"end":{"line":52,"column":23}},"loc":{"start":{"line":52,"column":39},"end":{"line":52,"column":60}}},"2":{"name":"(anonymous_2)","decl":{"start":{"line":65,"column":4},"end":{"line":65,"column":26}},"loc":{"start":{"line":68,"column":26},"end":{"line":91,"column":5}}},"3":{"name":"(anonymous_3)","decl":{"start":{"line":93,"column":4},"end":{"line":93,"column":21}},"loc":{"start":{"line":93,"column":58},"end":{"line":124,"column":5}}}},"branchMap":{"0":{"loc":{"start":{"line":71,"column":8},"end":{"line":71,"column":44}},"type":"if","locations":[{"start":{"line":71,"column":8},"end":{"line":71,"column":44}}]},"1":{"loc":{"start":{"line":84,"column":12},"end":{"line":84,"column":38}},"type":"if","locations":[{"start":{"line":84,"column":12},"end":{"line":84,"column":38}}]},"2":{"loc":{"start":{"line":105,"column":12},"end":{"line":108,"column":13}},"type":"if","locations":[{"start":{"line":105,"column":12},"end":{"line":108,"column":13}}]},"3":{"loc":{"start":{"line":111,"column":8},"end":{"line":116,"column":9}},"type":"if","locations":[{"start":{"line":111,"column":8},"end":{"line":116,"column":9}}]}},"s":{"0":115,"1":115,"2":460,"3":115,"4":115,"5":115,"6":115,"7":115,"8":115,"9":17,"10":2,"11":15,"12":15,"13":58,"14":15,"15":15,"16":15,"17":30,"18":30,"19":3,"20":27,"21":27,"22":12,"23":13,"24":13,"25":13,"26":13,"27":13,"28":38,"29":38,"30":38,"31":85,"32":85,"33":58,"34":58,"35":38,"36":38,"37":38,"38":38,"39":38,"40":13,"41":1},"f":{"0":115,"1":460,"2":17,"3":13},"b":{"0":[2],"1":[3],"2":[58],"3":[38]}}
,"/Users/juanrempel/dev/taiv-hackathon-2026/2026hackathon/technician_dispatch/src/teamSizer.ts": {"path":"/Users/juanrempel/dev/taiv-hackathon-2026/2026hackathon/technician_dispatch/src/teamSizer.ts","statementMap":{"0":{"start":{"line":53,"column":18},"end":{"line":53,"column":22}},"1":{"start":{"line":54,"column":22},"end":{"line":54,"column":60}},"2":{"start":{"line":54,"column":39},"end":{"line":54,"column":60}},"3":{"start":{"line":55,"column":21},"end":{"line":55,"column":58}},"4":{"start":{"line":56,"column":21},"end":{"line":56,"column":59}},"5":{"start":{"line":57,"column":21},"end":{"line":57,"column":41}},"6":{"start":{"line":58,"column":21},"end":{"line":58,"column":41}},"7":{"start":{"line":60,"column":12},"end":{"line":61,"column":69}},"8":{"start":{"line":62,"column":8},"end":{"line":62,"column":66}},"9":{"start":{"line":70,"column":8},"end":{"line":70,"column":68}},"10":{"start":{"line":82,"column":8},"end":{"line":82,"column":43}},"11":{"start":{"line":93,"column":8},"end":{"line":93,"column":43}},"12":{"start":{"line":103,"column":8},"end":{"line":103,"column":43}},"13":{"start":{"line":44,"column":0},"end":{"line":44,"column":13}}},"fnMap":{"0":{"name":"(anonymous_0)","decl":{"start":{"line":52,"column":4},"end":{"line":52,"column":21}},"loc":{"start":{"line":52,"column":52},"end":{"line":63,"column":5}}},"1":{"name":"(anonymous_1)","decl":{"start":{"line":54,"column":22},"end":{"line":54,"column":23}},"loc":{"start":{"line":54,"column":39},"end":{"line":54,"column":60}}},"2":{"name":"(anonymous_2)","decl":{"start":{"line":69,"column":4},"end":{"line":69,"column":21}},"loc":{"start":{"line":69,"column":70},"end":{"line":71,"column":5}}},"3":{"name":"(anonymous_3)","decl":{"start":{"line":75,"column":4},"end":{"line":75,"column":31}},"loc":{"start":{"line":79,"column":26},"end":{"line":83,"column":5}}},"4":{"name":"(anonymous_4)","decl":{"start":{"line":85,"column":4},"end":{"line":85,"column":13}},"loc":{"start":{"line":90,"column":31},"end":{"line":94,"column":5}}},"5":{"name":"(anonymous_5)","decl":{"start":{"line":96,"column":4},"end":{"line":96,"column":23}},"loc":{"start":{"line":100,"column":31},"end":{"line":104,"column":5}}}},"branchMap":{},"s":{"0":0,"1":0,"2":0,"3":0,"4":0,"5":0,"6":0,"7":0,"8":0,"9":0,"10":9,"11":12,"12":13,"13":1},"f":{"0":0,"1":0,"2":0,"3":9,"4":12,"5":13},"b":{}}
}
