TN:
SF:src/dayPlanner.ts
FN:59,(anonymous_0)
FN:61,(anonymous_1)
FN:76,(anonymous_2)
FN:82,(anonymous_3)
FN:91,(anonymous_4)
FNF:5
FNH:2
FNDA:0,(anonymous_0)
FNDA:0,(anonymous_1)
FNDA:0,(anonymous_2)
FNDA:11,(anonymous_3)
FNDA:17,(anonymous_4)
DA:51,1
DA:60,0
DA:61,0
DA:62,0
DA:63,0
DA:64,0
DA:65,0
DA:67,0
DA:69,0
DA:77,0
DA:88,11
DA:93,17
LF:12
LH:3
BRF:0
BRH:0
end_of_record
TN:
SF:src/routeOptimizer.ts
FN:50,(anonymous_0)
FN:52,(anonymous_1)
FN:65,(anonymous_2)
FN:93,(anonymous_3)
FNF:4
FNH:4
FNDA:115,(anonymous_0)
FNDA:460,(anonymous_1)
FNDA:17,(anonymous_2)
FNDA:13,(anonymous_3)
DA:42,1
DA:51,115
DA:52,460
DA:53,115
DA:54,115
DA:55,115
DA:56,115
DA:58,115
DA:60,115
DA:71,17
DA:74,15
DA:75,15
DA:76,58
DA:79,15
DA:80,15
DA:82,15
DA:83,30
DA:84,30
DA:86,27
DA:87,27
DA:90,12
DA:94,13
DA:95,13
DA:96,13
DA:97,13
DA:99,13
DA:100,38
DA:101,38
DA:103,38
DA:104,85
DA:105,85
DA:106,58
DA:107,58
DA:111,38
DA:112,38
DA:113,38
DA:114,38
DA:115,38
DA:119,13
LF:39
LH:39
BRDA:71,0,0,2
BRDA:84,1,0,3
BRDA:105,2,0,58
BRDA:111,3,0,38
BRF:4
BRH:4
end_of_record
TN:
SF:src/teamSizer.ts
FN:52,(anonymous_0)
FN:54,(anonymous_1)
FN:69,(anonymous_2)
FN:75,(anonymous_3)
FN:85,(anonymous_4)
FN:96,(anonymous_5)
FNF:6
FNH:3
FNDA:0,(anonymous_0)
FNDA:0,(anonymous_1)
FNDA:0,(anonymous_2)
FNDA:9,(anonymous_3)
FNDA:12,(anonymous_4)
FNDA:13,(anonymous_5)
DA:44,1
DA:53,0
DA:54,0
DA:55,0
DA:56,0
DA:57,0
DA:58,0
DA:60,0
DA:62,0
DA:70,0
DA:82,9
DA:93,12
DA:103,13
LF:13
LH:4
BRF:0
BRH:0
end_of_record
